Using pre-set license
Built from '6000.1/staging' branch; Version is '6000.1.3f1 (f34db9734971) revision 15945145'; Using compiler version '194234433'; Build Type 'Release'
OS: 'Windows 11  (10.0.22631) 64bit Core' Language: 'en' Physical Memory: 15557 MB
BatchMode: 1, IsHumanControllingUs: 0, StartBugReporterOnCrash: 0, Is64bit: 1, IsPro: 1
Date: 2025-06-11T06:20:17Z

COMMAND LINE ARGUMENTS:
C:\Program Files\Unity\Hub\Editor\6000.1.3f1\Editor\Unity.exe
-adb2
-batchMode
-noUpm
-name
AssetImportWorker3
-projectPath
D:/FPTK19/FGU/FGU project
-logFile
Logs/AssetImportWorker3.log
-srvPort
50926
-job-worker-count
7
-background-job-worker-count
8
-gc-helper-count
1
-name
AssetImport
Successfully changed project path to: D:/FPTK19/FGU/FGU project
D:/FPTK19/FGU/FGU project
[UnityMemory] Configuration Parameters - Can be set up in boot.config
    "memorysetup-allocator-temp-initial-block-size-main=262144"
    "memorysetup-allocator-temp-initial-block-size-worker=262144"
    "memorysetup-bucket-allocator-granularity=16"
    "memorysetup-bucket-allocator-bucket-count=8"
    "memorysetup-bucket-allocator-block-size=33554432"
    "memorysetup-bucket-allocator-block-count=8"
    "memorysetup-main-allocator-block-size=16777216"
    "memorysetup-thread-allocator-block-size=16777216"
    "memorysetup-gfx-main-allocator-block-size=16777216"
    "memorysetup-gfx-thread-allocator-block-size=16777216"
    "memorysetup-cache-allocator-block-size=4194304"
    "memorysetup-typetree-allocator-block-size=2097152"
    "memorysetup-profiler-bucket-allocator-granularity=16"
    "memorysetup-profiler-bucket-allocator-bucket-count=8"
    "memorysetup-profiler-bucket-allocator-block-size=33554432"
    "memorysetup-profiler-bucket-allocator-block-count=8"
    "memorysetup-profiler-allocator-block-size=16777216"
    "memorysetup-profiler-editor-allocator-block-size=1048576"
    "memorysetup-temp-allocator-size-main=16777216"
    "memorysetup-job-temp-allocator-block-size=2097152"
    "memorysetup-job-temp-allocator-block-size-background=1048576"
    "memorysetup-job-temp-allocator-reduction-small-platforms=262144"
    "memorysetup-temp-allocator-size-background-worker=32768"
    "memorysetup-temp-allocator-size-job-worker=262144"
    "memorysetup-temp-allocator-size-preload-manager=33554432"
    "memorysetup-temp-allocator-size-nav-mesh-worker=65536"
    "memorysetup-temp-allocator-size-audio-worker=65536"
    "memorysetup-temp-allocator-size-cloud-worker=32768"
    "memorysetup-temp-allocator-size-gi-baking-worker=262144"
    "memorysetup-temp-allocator-size-gi-baking-worker=262144"
    "memorysetup-temp-allocator-size-gi-baking-worker=262144"
    "memorysetup-temp-allocator-size-gi-baking-worker=262144"
    "memorysetup-temp-allocator-size-gi-baking-worker=262144"
    "memorysetup-temp-allocator-size-gfx=262144"
Player connection [6736]  Target information:

Player connection [6736]  * "[IP] 26.102.83.169 [Port] 0 [Flags] 2 [Guid] 3816766819 [EditorId] 3816766819 [Version] 1048832 [Id] WindowsEditor(7,Natrix) [Debug] 1 [PackageName] WindowsEditor [ProjectName] Editor" 

Player connection [6736]  * "[IP] 192.168.186.1 [Port] 0 [Flags] 2 [Guid] 3816766819 [EditorId] 3816766819 [Version] 1048832 [Id] WindowsEditor(7,Natrix) [Debug] 1 [PackageName] WindowsEditor [ProjectName] Editor" 

Player connection [6736]  * "[IP] 192.168.8.1 [Port] 0 [Flags] 2 [Guid] 3816766819 [EditorId] 3816766819 [Version] 1048832 [Id] WindowsEditor(7,Natrix) [Debug] 1 [PackageName] WindowsEditor [ProjectName] Editor" 

Player connection [6736]  * "[IP] 10.87.27.235 [Port] 0 [Flags] 2 [Guid] 3816766819 [EditorId] 3816766819 [Version] 1048832 [Id] WindowsEditor(7,Natrix) [Debug] 1 [PackageName] WindowsEditor [ProjectName] Editor" 

Player connection [6736] Host joined multi-casting on [225.0.0.222:54997]...
Player connection [6736] Host joined alternative multi-casting on [225.0.0.222:34997]...
JobSystem: Creating JobQueue using job-worker-count value 7
Input System module state changed to: Initialized.
[Physics::Module] Initialized fallback backend.
[Physics::Module] Id: 0xdecafbad
Library Redirect Path: Library/
[Physics::Module] Selected backend.
[Physics::Module] Name: PhysX
[Physics::Module] Id: 0xf2b8ea05
[Physics::Module] SDK Version: 4.1.2
[Physics::Module] Integration Version: 1.0.0
[Physics::Module] Threading Mode: Multi-Threaded
Refreshing native plugins compatible for Editor in 3.47 ms, found 4 plugins.
Preloading 0 native plugins for Editor in 0.00 ms.
Initialize engine version: 6000.1.3f1 (f34db9734971)
[Subsystems] Discovering subsystems at path C:/Program Files/Unity/Hub/Editor/6000.1.3f1/Editor/Data/Resources/UnitySubsystems
[Subsystems] Discovering subsystems at path D:/FPTK19/FGU/FGU project/Assets
GfxDevice: creating device client; kGfxThreadingModeNonThreaded
Direct3D:
    Version:         Direct3D 12 [level 12.1]
    Renderer:        NVIDIA GeForce RTX 4060 Laptop GPU (ID=0x28e0)
    Vendor:          NVIDIA
    VRAM:            7957 MB
    App VRAM Budget: 7189 MB
    Driver:          32.0.15.7216
Initialize mono
Mono path[0] = 'C:/Program Files/Unity/Hub/Editor/6000.1.3f1/Editor/Data/Managed'
Mono path[1] = 'C:/Program Files/Unity/Hub/Editor/6000.1.3f1/Editor/Data/MonoBleedingEdge/lib/mono/unityjit-win32'
Mono config path = 'C:/Program Files/Unity/Hub/Editor/6000.1.3f1/Editor/Data/MonoBleedingEdge/etc'
Using monoOptions --debugger-agent=transport=dt_socket,embedding=1,server=y,suspend=n,address=127.0.0.1:56464
Begin MonoManager ReloadAssembly
Registering precompiled unity dll's ...
Register platform support module: C:/Program Files/Unity/Hub/Editor/6000.1.3f1/Editor/Data/PlaybackEngines/WindowsStandaloneSupport/UnityEditor.WindowsStandalone.Extensions.dll
Registered in 0.001651 seconds.
- Loaded All Assemblies, in  0.403 seconds
Native extension for WindowsStandalone target not found
Mono: successfully reloaded assembly
- Finished resetting the current domain, in  0.344 seconds
Domain Reload Profiling: 744ms
	BeginReloadAssembly (137ms)
		ExecutionOrderSort (0ms)
		DisableScriptedObjects (0ms)
		BackupInstance (0ms)
		ReleaseScriptingObjects (0ms)
		CreateAndSetChildDomain (1ms)
	RebuildCommonClasses (41ms)
	RebuildNativeTypeToScriptingClass (11ms)
	initialDomainReloadingComplete (50ms)
	LoadAllAssembliesAndSetupDomain (161ms)
		LoadAssemblies (133ms)
		RebuildTransferFunctionScriptingTraits (0ms)
		AnalyzeDomain (159ms)
			TypeCache.Refresh (157ms)
				TypeCache.ScanAssembly (144ms)
			BuildScriptInfoCaches (0ms)
			ResolveRequiredComponents (0ms)
	FinalizeReload (344ms)
		ReleaseScriptCaches (0ms)
		RebuildScriptCaches (0ms)
		SetupLoadedEditorAssemblies (311ms)
			LogAssemblyErrors (0ms)
			InitializePlatformSupportModulesInManaged (48ms)
			SetLoadedEditorAssemblies (4ms)
			BeforeProcessingInitializeOnLoad (63ms)
			ProcessInitializeOnLoadAttributes (136ms)
			ProcessInitializeOnLoadMethodAttributes (61ms)
			AfterProcessingInitializeOnLoad (0ms)
			EditorAssembliesLoaded (0ms)
		ExecutionOrderSort2 (0ms)
		AwakeInstancesAfterBackupRestoration (0ms)
========================================================================
Worker process is ready to serve import requests
Import Worker Mode flag is 0x00
Begin MonoManager ReloadAssembly
- Loaded All Assemblies, in  0.858 seconds
Refreshing native plugins compatible for Editor in 1.15 ms, found 4 plugins.
Native extension for WindowsStandalone target not found
Mono: successfully reloaded assembly
- Finished resetting the current domain, in  0.855 seconds
Domain Reload Profiling: 1710ms
	BeginReloadAssembly (190ms)
		ExecutionOrderSort (0ms)
		DisableScriptedObjects (7ms)
		BackupInstance (0ms)
		ReleaseScriptingObjects (0ms)
		CreateAndSetChildDomain (37ms)
	RebuildCommonClasses (44ms)
	RebuildNativeTypeToScriptingClass (12ms)
	initialDomainReloadingComplete (41ms)
	LoadAllAssembliesAndSetupDomain (567ms)
		LoadAssemblies (397ms)
		RebuildTransferFunctionScriptingTraits (0ms)
		AnalyzeDomain (278ms)
			TypeCache.Refresh (205ms)
				TypeCache.ScanAssembly (188ms)
			BuildScriptInfoCaches (56ms)
			ResolveRequiredComponents (13ms)
	FinalizeReload (856ms)
		ReleaseScriptCaches (0ms)
		RebuildScriptCaches (0ms)
		SetupLoadedEditorAssemblies (710ms)
			LogAssemblyErrors (0ms)
			InitializePlatformSupportModulesInManaged (2ms)
			SetLoadedEditorAssemblies (5ms)
			BeforeProcessingInitializeOnLoad (140ms)
			ProcessInitializeOnLoadAttributes (432ms)
			ProcessInitializeOnLoadMethodAttributes (126ms)
			AfterProcessingInitializeOnLoad (6ms)
			EditorAssembliesLoaded (0ms)
		ExecutionOrderSort2 (0ms)
		AwakeInstancesAfterBackupRestoration (6ms)
Launched and connected shader compiler UnityShaderCompiler.exe after 0.01 seconds
Refreshing native plugins compatible for Editor in 1.36 ms, found 4 plugins.
Preloading 0 native plugins for Editor in 0.00 ms.
Unloading 231 Unused Serialized files (Serialized files now loaded: 0)
Unloading 6627 unused Assets / (7.3 MB). Loaded Objects now: 7308.
Memory consumption went from 175.3 MB to 168.0 MB.
Total: 12.468200 ms (FindLiveObjects: 0.855200 ms CreateObjectMapping: 1.115000 ms MarkObjects: 5.834600 ms  DeleteObjects: 4.661800 ms)

========================================================================
Received Import Request.
  Time since last request: 3377.040653 seconds.
  path: Assets/Tiles/free_30.asset
  artifactKey: Guid(4eaa457abdbbf8247a392b6d453c4950) Importer(815301076,1909f56bfc062723c751e8b465ee728b)
Start importing Assets/Tiles/free_30.asset using Guid(4eaa457abdbbf8247a392b6d453c4950) Importer(815301076,1909f56bfc062723c751e8b465ee728b) (PreviewImporter) -> (artifact id: '99188bca36146139ec3015d192c2496d') in 0.1555119 seconds
Number of updated asset objects reloaded before import = 0Number of asset objects unloaded after import = 3

========================================================================
Received Import Request.
  Time since last request: 0.000025 seconds.
  path: Assets/Tiles/free_37.asset
  artifactKey: Guid(1b7ed41acd924574095fba5ffaf5edb7) Importer(815301076,1909f56bfc062723c751e8b465ee728b)
Start importing Assets/Tiles/free_37.asset using Guid(1b7ed41acd924574095fba5ffaf5edb7) Importer(815301076,1909f56bfc062723c751e8b465ee728b) (PreviewImporter) -> (artifact id: '32eeadbba88bc8e8974eda80de475e34') in 0.0146689 seconds
Number of updated asset objects reloaded before import = 0Number of asset objects unloaded after import = 3

========================================================================
Received Import Request.
  Time since last request: 0.000041 seconds.
  path: Assets/Tiles/free_1.asset
  artifactKey: Guid(0585d082d96bd154ebb447eed399a477) Importer(815301076,1909f56bfc062723c751e8b465ee728b)
Start importing Assets/Tiles/free_1.asset using Guid(0585d082d96bd154ebb447eed399a477) Importer(815301076,1909f56bfc062723c751e8b465ee728b) (PreviewImporter) -> (artifact id: 'aeed11e5454799bc5e0755133b195e1d') in 0.0194326 seconds
Number of updated asset objects reloaded before import = 0Number of asset objects unloaded after import = 3

========================================================================
Received Import Request.
  Time since last request: 0.000014 seconds.
  path: Assets/Tiles/free_21.asset
  artifactKey: Guid(e4687a95ca2a40f41bcdd882cd4618c6) Importer(815301076,1909f56bfc062723c751e8b465ee728b)
Start importing Assets/Tiles/free_21.asset using Guid(e4687a95ca2a40f41bcdd882cd4618c6) Importer(815301076,1909f56bfc062723c751e8b465ee728b) (PreviewImporter) -> (artifact id: 'd84b9e1f2a5777aa5333cd7417267cc2') in 0.0137941 seconds
Number of updated asset objects reloaded before import = 0Number of asset objects unloaded after import = 3

========================================================================
Received Import Request.
  Time since last request: 0.000016 seconds.
  path: Assets/Tiles/free_27.asset
  artifactKey: Guid(f3973ab2659634f4a8280d6a6d07f145) Importer(815301076,1909f56bfc062723c751e8b465ee728b)
Start importing Assets/Tiles/free_27.asset using Guid(f3973ab2659634f4a8280d6a6d07f145) Importer(815301076,1909f56bfc062723c751e8b465ee728b) (PreviewImporter) -> (artifact id: '5650edbd3f4c174287deab4248b1fb3e') in 0.0165872 seconds
Number of updated asset objects reloaded before import = 0Number of asset objects unloaded after import = 3

========================================================================
Received Import Request.
  Time since last request: 0.000016 seconds.
  path: Assets/Tiles/free_10.asset
  artifactKey: Guid(c851a9f21c5cdd54fa2551f0e9aa7bc7) Importer(815301076,1909f56bfc062723c751e8b465ee728b)
Start importing Assets/Tiles/free_10.asset using Guid(c851a9f21c5cdd54fa2551f0e9aa7bc7) Importer(815301076,1909f56bfc062723c751e8b465ee728b) (PreviewImporter) -> (artifact id: '2f4a03db3a4c681f0ed28844bb8afc9b') in 0.0168555 seconds
Number of updated asset objects reloaded before import = 0Number of asset objects unloaded after import = 3

========================================================================
Received Import Request.
  Time since last request: 0.000018 seconds.
  path: Assets/Tiles/free_7.asset
  artifactKey: Guid(2da78e77bb06fda43b77160c6ff626d7) Importer(815301076,1909f56bfc062723c751e8b465ee728b)
Start importing Assets/Tiles/free_7.asset using Guid(2da78e77bb06fda43b77160c6ff626d7) Importer(815301076,1909f56bfc062723c751e8b465ee728b) (PreviewImporter) -> (artifact id: '9a3d5dd661fe3dc482b510a33ac2688d') in 0.0158203 seconds
Number of updated asset objects reloaded before import = 0Number of asset objects unloaded after import = 3

========================================================================
Received Import Request.
  Time since last request: 0.000018 seconds.
  path: Assets/Tiles/free_33.asset
  artifactKey: Guid(63099d303bcad884c90b46d881828c08) Importer(815301076,1909f56bfc062723c751e8b465ee728b)
Start importing Assets/Tiles/free_33.asset using Guid(63099d303bcad884c90b46d881828c08) Importer(815301076,1909f56bfc062723c751e8b465ee728b) (PreviewImporter) -> (artifact id: '12bd6f63266b35e8d724439ce11736b7') in 0.0175656 seconds
Number of updated asset objects reloaded before import = 0Number of asset objects unloaded after import = 3

========================================================================
Received Import Request.
  Time since last request: 0.000025 seconds.
  path: Assets/Tiles/free_5.asset
  artifactKey: Guid(e1e64b02dfd8a8740b086d32fea84841) Importer(815301076,1909f56bfc062723c751e8b465ee728b)
Start importing Assets/Tiles/free_5.asset using Guid(e1e64b02dfd8a8740b086d32fea84841) Importer(815301076,1909f56bfc062723c751e8b465ee728b) (PreviewImporter) -> (artifact id: '37ca9c258eedf3bb23c3b7f5f655afd9') in 0.0206952 seconds
Number of updated asset objects reloaded before import = 0Number of asset objects unloaded after import = 3

========================================================================
Received Import Request.
  Time since last request: 0.000019 seconds.
  path: Assets/Tiles/free_87.asset
  artifactKey: Guid(bcb2e13a0f34ad844be4c96cdc7efe8e) Importer(815301076,1909f56bfc062723c751e8b465ee728b)
Start importing Assets/Tiles/free_87.asset using Guid(bcb2e13a0f34ad844be4c96cdc7efe8e) Importer(815301076,1909f56bfc062723c751e8b465ee728b) (PreviewImporter) -> (artifact id: '7c1c74978af48708a8c713b53b3632fb') in 0.0181502 seconds
Number of updated asset objects reloaded before import = 0Number of asset objects unloaded after import = 3

========================================================================
Received Import Request.
  Time since last request: 0.000016 seconds.
  path: Assets/Tiles/free_83.asset
  artifactKey: Guid(65d008192b1dda342a57855e5a73f38e) Importer(815301076,1909f56bfc062723c751e8b465ee728b)
Start importing Assets/Tiles/free_83.asset using Guid(65d008192b1dda342a57855e5a73f38e) Importer(815301076,1909f56bfc062723c751e8b465ee728b) (PreviewImporter) -> (artifact id: '4c066f82a508c1a9fc42ece506541f32') in 0.0185022 seconds
Number of updated asset objects reloaded before import = 0Number of asset objects unloaded after import = 3

========================================================================
Received Import Request.
  Time since last request: 0.000015 seconds.
  path: Assets/Tiles/free_60.asset
  artifactKey: Guid(4359775e0b89e934798c5441dcd99035) Importer(815301076,1909f56bfc062723c751e8b465ee728b)
Start importing Assets/Tiles/free_60.asset using Guid(4359775e0b89e934798c5441dcd99035) Importer(815301076,1909f56bfc062723c751e8b465ee728b) (PreviewImporter) -> (artifact id: '7075f2609583d0c83e92da3d67bd03b9') in 0.0149952 seconds
Number of updated asset objects reloaded before import = 0Number of asset objects unloaded after import = 3

========================================================================
Received Import Request.
  Time since last request: 0.000013 seconds.
  path: Assets/Tiles/free_63.asset
  artifactKey: Guid(05f7a491a9d21734e904319bc3d95641) Importer(815301076,1909f56bfc062723c751e8b465ee728b)
Start importing Assets/Tiles/free_63.asset using Guid(05f7a491a9d21734e904319bc3d95641) Importer(815301076,1909f56bfc062723c751e8b465ee728b) (PreviewImporter) -> (artifact id: '2b63edcc8a0eb3d9a098f93836f48727') in 0.0182762 seconds
Number of updated asset objects reloaded before import = 0Number of asset objects unloaded after import = 3

========================================================================
Received Import Request.
  Time since last request: 0.000020 seconds.
  path: Assets/Tiles/free_66.asset
  artifactKey: Guid(503ce6ef097449246b9b86c57a3a74b8) Importer(815301076,1909f56bfc062723c751e8b465ee728b)
Start importing Assets/Tiles/free_66.asset using Guid(503ce6ef097449246b9b86c57a3a74b8) Importer(815301076,1909f56bfc062723c751e8b465ee728b) (PreviewImporter) -> (artifact id: 'bd12eb40fa7f649f6c0cc41074e52357') in 0.021112 seconds
Number of updated asset objects reloaded before import = 0Number of asset objects unloaded after import = 3

========================================================================
Received Import Request.
  Time since last request: 0.000025 seconds.
  path: Assets/Tiles/free_44.asset
  artifactKey: Guid(70ab63b6d6b4d1948942ee902ee9aa1a) Importer(815301076,1909f56bfc062723c751e8b465ee728b)
Start importing Assets/Tiles/free_44.asset using Guid(70ab63b6d6b4d1948942ee902ee9aa1a) Importer(815301076,1909f56bfc062723c751e8b465ee728b) (PreviewImporter) -> (artifact id: 'c6f634b09a54cd2f655edd1c932ddeac') in 0.0224247 seconds
Number of updated asset objects reloaded before import = 0Number of asset objects unloaded after import = 3

========================================================================
Received Import Request.
  Time since last request: 0.000017 seconds.
  path: Assets/Tiles/free_45.asset
  artifactKey: Guid(7292d87b60585eb49b58e6daebad355a) Importer(815301076,1909f56bfc062723c751e8b465ee728b)
Start importing Assets/Tiles/free_45.asset using Guid(7292d87b60585eb49b58e6daebad355a) Importer(815301076,1909f56bfc062723c751e8b465ee728b) (PreviewImporter) -> (artifact id: '163f1c00e114d47f04f4eb67e4cf6962') in 0.0146374 seconds
Number of updated asset objects reloaded before import = 0Number of asset objects unloaded after import = 3

========================================================================
Received Import Request.
  Time since last request: 0.000019 seconds.
  path: Assets/Tiles/free_41.asset
  artifactKey: Guid(4c53933ec73774647852de98dc98dca9) Importer(815301076,1909f56bfc062723c751e8b465ee728b)
Start importing Assets/Tiles/free_41.asset using Guid(4c53933ec73774647852de98dc98dca9) Importer(815301076,1909f56bfc062723c751e8b465ee728b) (PreviewImporter) -> (artifact id: '0762ef1b474aba70629ed9cf45894b8a') in 0.0323964 seconds
Number of updated asset objects reloaded before import = 0Number of asset objects unloaded after import = 3

========================================================================
Received Import Request.
  Time since last request: 0.000013 seconds.
  path: Assets/Tiles/free_97.asset
  artifactKey: Guid(7c9ddbae8b7f94d40ad81e9bb032c0bb) Importer(815301076,1909f56bfc062723c751e8b465ee728b)
Start importing Assets/Tiles/free_97.asset using Guid(7c9ddbae8b7f94d40ad81e9bb032c0bb) Importer(815301076,1909f56bfc062723c751e8b465ee728b) (PreviewImporter) -> (artifact id: '236ccaad43da111815b9eee43192b22b') in 0.0171799 seconds
Number of updated asset objects reloaded before import = 0Number of asset objects unloaded after import = 3

========================================================================
Received Import Request.
  Time since last request: 0.000015 seconds.
  path: Assets/Tiles/free_103.asset
  artifactKey: Guid(6894e05d9c8a25e459a2e3947f880536) Importer(815301076,1909f56bfc062723c751e8b465ee728b)
Start importing Assets/Tiles/free_103.asset using Guid(6894e05d9c8a25e459a2e3947f880536) Importer(815301076,1909f56bfc062723c751e8b465ee728b) (PreviewImporter) -> (artifact id: '1fa4f09eab219e2fb53cd2c43f306480') in 0.0165843 seconds
Number of updated asset objects reloaded before import = 0Number of asset objects unloaded after import = 3

========================================================================
Received Import Request.
  Time since last request: 0.000026 seconds.
  path: Assets/Tiles/free_95.asset
  artifactKey: Guid(fa5c9f1a0dcca834abd1eab597a5becb) Importer(815301076,1909f56bfc062723c751e8b465ee728b)
Start importing Assets/Tiles/free_95.asset using Guid(fa5c9f1a0dcca834abd1eab597a5becb) Importer(815301076,1909f56bfc062723c751e8b465ee728b) (PreviewImporter) -> (artifact id: '7edf0eb1a131adbec1fdd2880439e388') in 0.0188965 seconds
Number of updated asset objects reloaded before import = 0Number of asset objects unloaded after import = 3

========================================================================
Received Import Request.
  Time since last request: 0.000015 seconds.
  path: Assets/Tiles/free_100.asset
  artifactKey: Guid(e14ae4da79c22584297f8e8754def6a9) Importer(815301076,1909f56bfc062723c751e8b465ee728b)
Start importing Assets/Tiles/free_100.asset using Guid(e14ae4da79c22584297f8e8754def6a9) Importer(815301076,1909f56bfc062723c751e8b465ee728b) (PreviewImporter) -> (artifact id: '398b82da027999ab196e3bfa03cd4915') in 0.0180642 seconds
Number of updated asset objects reloaded before import = 0Number of asset objects unloaded after import = 3

========================================================================
Received Import Request.
  Time since last request: 0.000016 seconds.
  path: Assets/Tiles/free_22.asset
  artifactKey: Guid(0000320b8aa9d624f933f8632b4f177e) Importer(815301076,1909f56bfc062723c751e8b465ee728b)
Start importing Assets/Tiles/free_22.asset using Guid(0000320b8aa9d624f933f8632b4f177e) Importer(815301076,1909f56bfc062723c751e8b465ee728b) (PreviewImporter) -> (artifact id: 'c2872b6b0559cb4a6ce822164998bc85') in 0.0170498 seconds
Number of updated asset objects reloaded before import = 0Number of asset objects unloaded after import = 3

========================================================================
Received Import Request.
  Time since last request: 0.000027 seconds.
  path: Assets/Tiles/free_17.asset
  artifactKey: Guid(ba59c54bb27d2a64892a4ddf447fdea0) Importer(815301076,1909f56bfc062723c751e8b465ee728b)
Start importing Assets/Tiles/free_17.asset using Guid(ba59c54bb27d2a64892a4ddf447fdea0) Importer(815301076,1909f56bfc062723c751e8b465ee728b) (PreviewImporter) -> (artifact id: '892f32519e05402b1f4199dba042472c') in 0.0170271 seconds
Number of updated asset objects reloaded before import = 0Number of asset objects unloaded after import = 3

========================================================================
Received Import Request.
  Time since last request: 0.000014 seconds.
  path: Assets/Tiles/free_57.asset
  artifactKey: Guid(8c5a7b10e202cdf4ea9ff19831944b1a) Importer(815301076,1909f56bfc062723c751e8b465ee728b)
Start importing Assets/Tiles/free_57.asset using Guid(8c5a7b10e202cdf4ea9ff19831944b1a) Importer(815301076,1909f56bfc062723c751e8b465ee728b) (PreviewImporter) -> (artifact id: 'ba05099ff65a2cd60ce28a8208d54237') in 0.0206677 seconds
Number of updated asset objects reloaded before import = 0Number of asset objects unloaded after import = 3

========================================================================
Received Import Request.
  Time since last request: 0.000014 seconds.
  path: Assets/Tiles/free_16.asset
  artifactKey: Guid(6b646c03fd5a5b0459ae37b421814470) Importer(815301076,1909f56bfc062723c751e8b465ee728b)
Start importing Assets/Tiles/free_16.asset using Guid(6b646c03fd5a5b0459ae37b421814470) Importer(815301076,1909f56bfc062723c751e8b465ee728b) (PreviewImporter) -> (artifact id: '8cbdcce6e99fa3494ab14c41003e8e69') in 0.0170952 seconds
Number of updated asset objects reloaded before import = 0Number of asset objects unloaded after import = 3

========================================================================
Received Import Request.
  Time since last request: 0.000028 seconds.
  path: Assets/Tiles/free_105.asset
  artifactKey: Guid(11e8eaf71ddbc4c4f81a65a53f7dd14f) Importer(815301076,1909f56bfc062723c751e8b465ee728b)
Start importing Assets/Tiles/free_105.asset using Guid(11e8eaf71ddbc4c4f81a65a53f7dd14f) Importer(815301076,1909f56bfc062723c751e8b465ee728b) (PreviewImporter) -> (artifact id: '86d25327dcaf5cc9e55d4df03e0728fa') in 0.0151588 seconds
Number of updated asset objects reloaded before import = 0Number of asset objects unloaded after import = 3

========================================================================
Received Import Request.
  Time since last request: 0.000019 seconds.
  path: Assets/Tiles/tf_jungle_tileset_19.asset
  artifactKey: Guid(8780cf7ac097df64fa363ec202f4e902) Importer(815301076,1909f56bfc062723c751e8b465ee728b)
Start importing Assets/Tiles/tf_jungle_tileset_19.asset using Guid(8780cf7ac097df64fa363ec202f4e902) Importer(815301076,1909f56bfc062723c751e8b465ee728b) (PreviewImporter) -> (artifact id: '792831c9b49ee5e1d23bb9996e3a8c2b') in 0.0168872 seconds
Number of updated asset objects reloaded before import = 0Number of asset objects unloaded after import = 3

========================================================================
Received Import Request.
  Time since last request: 0.000020 seconds.
  path: Assets/Tiles/tf_jungle_tileset_21.asset
  artifactKey: Guid(5f20cd3d37a4ea74b983636da2f41e7f) Importer(815301076,1909f56bfc062723c751e8b465ee728b)
Start importing Assets/Tiles/tf_jungle_tileset_21.asset using Guid(5f20cd3d37a4ea74b983636da2f41e7f) Importer(815301076,1909f56bfc062723c751e8b465ee728b) (PreviewImporter) -> (artifact id: 'fd2c8f855a846df17a1d2a92644abd59') in 0.016115 seconds
Number of updated asset objects reloaded before import = 0Number of asset objects unloaded after import = 3

========================================================================
Received Import Request.
  Time since last request: 0.000019 seconds.
  path: Assets/Tiles/tf_jungle_tileset_27.asset
  artifactKey: Guid(b83ab368b50b1f4458f958c532390a16) Importer(815301076,1909f56bfc062723c751e8b465ee728b)
Start importing Assets/Tiles/tf_jungle_tileset_27.asset using Guid(b83ab368b50b1f4458f958c532390a16) Importer(815301076,1909f56bfc062723c751e8b465ee728b) (PreviewImporter) -> (artifact id: '510e7a63ae85756d33258cfe7f4ff674') in 0.0173588 seconds
Number of updated asset objects reloaded before import = 0Number of asset objects unloaded after import = 3

========================================================================
Received Import Request.
  Time since last request: 0.000015 seconds.
  path: Assets/Tiles/tf_jungle_tileset_20.asset
  artifactKey: Guid(6f3f8cec4c4906640b98e07cc58adaa3) Importer(815301076,1909f56bfc062723c751e8b465ee728b)
Start importing Assets/Tiles/tf_jungle_tileset_20.asset using Guid(6f3f8cec4c4906640b98e07cc58adaa3) Importer(815301076,1909f56bfc062723c751e8b465ee728b) (PreviewImporter) -> (artifact id: '8a213a612966a45aa24578ed704cb73b') in 0.0188176 seconds
Number of updated asset objects reloaded before import = 0Number of asset objects unloaded after import = 3

========================================================================
Received Import Request.
  Time since last request: 0.000017 seconds.
  path: Assets/Tiles/tf_jungle_tileset_16.asset
  artifactKey: Guid(c7c2d541168b4714c878f0a6512ec656) Importer(815301076,1909f56bfc062723c751e8b465ee728b)
Start importing Assets/Tiles/tf_jungle_tileset_16.asset using Guid(c7c2d541168b4714c878f0a6512ec656) Importer(815301076,1909f56bfc062723c751e8b465ee728b) (PreviewImporter) -> (artifact id: '8007ebcca811c43c2c414809d13c27fd') in 0.0153297 seconds
Number of updated asset objects reloaded before import = 0Number of asset objects unloaded after import = 3

========================================================================
Received Import Request.
  Time since last request: 0.000023 seconds.
  path: Assets/Tiles/tf_jungle_tileset_42.asset
  artifactKey: Guid(55787c6b34153f84a80b3b92a26630be) Importer(815301076,1909f56bfc062723c751e8b465ee728b)
Start importing Assets/Tiles/tf_jungle_tileset_42.asset using Guid(55787c6b34153f84a80b3b92a26630be) Importer(815301076,1909f56bfc062723c751e8b465ee728b) (PreviewImporter) -> (artifact id: '1d05bc23f64f77646ee9255bdf38bfca') in 0.0162913 seconds
Number of updated asset objects reloaded before import = 0Number of asset objects unloaded after import = 3

========================================================================
Received Import Request.
  Time since last request: 0.000021 seconds.
  path: Assets/Tiles/tf_jungle_tileset_10.asset
  artifactKey: Guid(749194d62e8580a40a2a7c0c68df38d2) Importer(815301076,1909f56bfc062723c751e8b465ee728b)
Start importing Assets/Tiles/tf_jungle_tileset_10.asset using Guid(749194d62e8580a40a2a7c0c68df38d2) Importer(815301076,1909f56bfc062723c751e8b465ee728b) (PreviewImporter) -> (artifact id: 'c71312336b9f8e99c805312baa258b47') in 0.0177096 seconds
Number of updated asset objects reloaded before import = 0Number of asset objects unloaded after import = 3

========================================================================
Received Import Request.
  Time since last request: 0.000017 seconds.
  path: Assets/Tiles/tf_jungle_tileset_46.asset
  artifactKey: Guid(1c897cf27d506ff44a08985a190a393e) Importer(815301076,1909f56bfc062723c751e8b465ee728b)
Start importing Assets/Tiles/tf_jungle_tileset_46.asset using Guid(1c897cf27d506ff44a08985a190a393e) Importer(815301076,1909f56bfc062723c751e8b465ee728b) (PreviewImporter) -> (artifact id: '8c4919af2693a04a3300e6854d3d2741') in 0.0171694 seconds
Number of updated asset objects reloaded before import = 0Number of asset objects unloaded after import = 3

========================================================================
Received Import Request.
  Time since last request: 0.000014 seconds.
  path: Assets/Tiles/tf_jungle_tileset_86.asset
  artifactKey: Guid(99702bca5fa532649817a59a085abdd9) Importer(815301076,1909f56bfc062723c751e8b465ee728b)
Start importing Assets/Tiles/tf_jungle_tileset_86.asset using Guid(99702bca5fa532649817a59a085abdd9) Importer(815301076,1909f56bfc062723c751e8b465ee728b) (PreviewImporter) -> (artifact id: 'c342e2cde687fc4809f027bd2ab5cf8b') in 0.0156437 seconds
Number of updated asset objects reloaded before import = 0Number of asset objects unloaded after import = 3

========================================================================
Received Import Request.
  Time since last request: 0.000019 seconds.
  path: Assets/Tiles/tf_jungle_tileset_76.asset
  artifactKey: Guid(1c3abe1c35ca63c4a9a230d064d17934) Importer(815301076,1909f56bfc062723c751e8b465ee728b)
Start importing Assets/Tiles/tf_jungle_tileset_76.asset using Guid(1c3abe1c35ca63c4a9a230d064d17934) Importer(815301076,1909f56bfc062723c751e8b465ee728b) (PreviewImporter) -> (artifact id: 'd0a50833ba17c5e3e9f78b3850124be1') in 0.0188595 seconds
Number of updated asset objects reloaded before import = 0Number of asset objects unloaded after import = 3

========================================================================
Received Import Request.
  Time since last request: 0.000017 seconds.
  path: Assets/Tiles/tf_jungle_tileset_50.asset
  artifactKey: Guid(31da7efca0237004ba6348bd6144f7eb) Importer(815301076,1909f56bfc062723c751e8b465ee728b)
Start importing Assets/Tiles/tf_jungle_tileset_50.asset using Guid(31da7efca0237004ba6348bd6144f7eb) Importer(815301076,1909f56bfc062723c751e8b465ee728b) (PreviewImporter) -> (artifact id: '862dc673691231c1aad871e3e3fa10ff') in 0.0198525 seconds
Number of updated asset objects reloaded before import = 0Number of asset objects unloaded after import = 3

========================================================================
Received Import Request.
  Time since last request: 0.000031 seconds.
  path: Assets/Tiles/tf_jungle_tileset_31.asset
  artifactKey: Guid(85771e4c5954a3d478b00c6c4717e9ff) Importer(815301076,1909f56bfc062723c751e8b465ee728b)
Start importing Assets/Tiles/tf_jungle_tileset_31.asset using Guid(85771e4c5954a3d478b00c6c4717e9ff) Importer(815301076,1909f56bfc062723c751e8b465ee728b) (PreviewImporter) -> (artifact id: '824e9320c0a6727b8fe0d63dd9e862cd') in 0.0170153 seconds
Number of updated asset objects reloaded before import = 0Number of asset objects unloaded after import = 3

========================================================================
Received Import Request.
  Time since last request: 0.000019 seconds.
  path: Assets/Tiles/tf_jungle_tileset_53.asset
  artifactKey: Guid(7fa89351bf31bf0479295d3c4b15faca) Importer(815301076,1909f56bfc062723c751e8b465ee728b)
Start importing Assets/Tiles/tf_jungle_tileset_53.asset using Guid(7fa89351bf31bf0479295d3c4b15faca) Importer(815301076,1909f56bfc062723c751e8b465ee728b) (PreviewImporter) -> (artifact id: '8cc5e3c1a1594c666e042325634b1881') in 0.0178176 seconds
Number of updated asset objects reloaded before import = 0Number of asset objects unloaded after import = 3

========================================================================
Received Import Request.
  Time since last request: 0.000016 seconds.
  path: Assets/Tiles/tf_jungle_tileset_74.asset
  artifactKey: Guid(5bfbc71e2cdd1e9459498baabec00a00) Importer(815301076,1909f56bfc062723c751e8b465ee728b)
Start importing Assets/Tiles/tf_jungle_tileset_74.asset using Guid(5bfbc71e2cdd1e9459498baabec00a00) Importer(815301076,1909f56bfc062723c751e8b465ee728b) (PreviewImporter) -> (artifact id: 'f5783d893fe641b315290df7b86df58b') in 0.0179724 seconds
Number of updated asset objects reloaded before import = 0Number of asset objects unloaded after import = 3

========================================================================
Received Import Request.
  Time since last request: 0.000015 seconds.
  path: Assets/Tiles/tf_jungle_tileset_51.asset
  artifactKey: Guid(f4489bad7aa627b48a911cb0f6d7b30b) Importer(815301076,1909f56bfc062723c751e8b465ee728b)
Start importing Assets/Tiles/tf_jungle_tileset_51.asset using Guid(f4489bad7aa627b48a911cb0f6d7b30b) Importer(815301076,1909f56bfc062723c751e8b465ee728b) (PreviewImporter) -> (artifact id: '0c4b47a5c6ef1ccc21d4de5b09b3b86c') in 0.0193831 seconds
Number of updated asset objects reloaded before import = 0Number of asset objects unloaded after import = 3

========================================================================
Received Import Request.
  Time since last request: 0.000017 seconds.
  path: Assets/Tiles/tf_jungle_tileset_60.asset
  artifactKey: Guid(89733c254443b9e4499dc1cbd1025521) Importer(815301076,1909f56bfc062723c751e8b465ee728b)
Start importing Assets/Tiles/tf_jungle_tileset_60.asset using Guid(89733c254443b9e4499dc1cbd1025521) Importer(815301076,1909f56bfc062723c751e8b465ee728b) (PreviewImporter) -> (artifact id: 'b280410924c4ff94b504c307066eb4dc') in 0.0163318 seconds
Number of updated asset objects reloaded before import = 0Number of asset objects unloaded after import = 3

========================================================================
Received Import Request.
  Time since last request: 0.000021 seconds.
  path: Assets/Tiles/tf_jungle_tileset_87.asset
  artifactKey: Guid(9f61f42ff8fd9a348b3a4e5053c8004c) Importer(815301076,1909f56bfc062723c751e8b465ee728b)
Start importing Assets/Tiles/tf_jungle_tileset_87.asset using Guid(9f61f42ff8fd9a348b3a4e5053c8004c) Importer(815301076,1909f56bfc062723c751e8b465ee728b) (PreviewImporter) -> (artifact id: '9eddb01e24e188c87e9993648ba9855e') in 0.0162469 seconds
Number of updated asset objects reloaded before import = 0Number of asset objects unloaded after import = 3

========================================================================
Received Import Request.
  Time since last request: 0.000035 seconds.
  path: Assets/Tiles/tf_jungle_tileset_84.asset
  artifactKey: Guid(36469b929bc1bce4c93800f31c1d7d51) Importer(815301076,1909f56bfc062723c751e8b465ee728b)
Start importing Assets/Tiles/tf_jungle_tileset_84.asset using Guid(36469b929bc1bce4c93800f31c1d7d51) Importer(815301076,1909f56bfc062723c751e8b465ee728b) (PreviewImporter) -> (artifact id: '26b2f7781dd72ee9822a57c1f5a4d141') in 0.0153915 seconds
Number of updated asset objects reloaded before import = 0Number of asset objects unloaded after import = 3

========================================================================
Received Import Request.
  Time since last request: 0.000017 seconds.
  path: Assets/Tiles/tf_jungle_tileset_47.asset
  artifactKey: Guid(1a06c56cf1fa4784aa8255d3b0dec70c) Importer(815301076,1909f56bfc062723c751e8b465ee728b)
Start importing Assets/Tiles/tf_jungle_tileset_47.asset using Guid(1a06c56cf1fa4784aa8255d3b0dec70c) Importer(815301076,1909f56bfc062723c751e8b465ee728b) (PreviewImporter) -> (artifact id: 'bedfd4eb8f3e6b4291dc8abebd4a50fe') in 0.0180913 seconds
Number of updated asset objects reloaded before import = 0Number of asset objects unloaded after import = 3

========================================================================
Received Import Request.
  Time since last request: 0.000019 seconds.
  path: Assets/Tiles/tf_jungle_tileset_92.asset
  artifactKey: Guid(22622d1b09de07846a354f533a9540c4) Importer(815301076,1909f56bfc062723c751e8b465ee728b)
Start importing Assets/Tiles/tf_jungle_tileset_92.asset using Guid(22622d1b09de07846a354f533a9540c4) Importer(815301076,1909f56bfc062723c751e8b465ee728b) (PreviewImporter) -> (artifact id: '7a4a6f7d2fc44ac4981a17124207232e') in 0.018384 seconds
Number of updated asset objects reloaded before import = 0Number of asset objects unloaded after import = 3

========================================================================
Received Import Request.
  Time since last request: 0.000015 seconds.
  path: Assets/Tiles/tf_jungle_tileset_108.asset
  artifactKey: Guid(3d7827497cbcb724eb1473b066ab8f31) Importer(815301076,1909f56bfc062723c751e8b465ee728b)
Start importing Assets/Tiles/tf_jungle_tileset_108.asset using Guid(3d7827497cbcb724eb1473b066ab8f31) Importer(815301076,1909f56bfc062723c751e8b465ee728b) (PreviewImporter) -> (artifact id: '8870e0ce870d2e36f8a48861497f7c1f') in 0.0182024 seconds
Number of updated asset objects reloaded before import = 0Number of asset objects unloaded after import = 3

========================================================================
Received Import Request.
  Time since last request: 0.000019 seconds.
  path: Assets/Tiles/tf_jungle_tileset_104.asset
  artifactKey: Guid(b13bcd506789fd34cb793497e8fa84e6) Importer(815301076,1909f56bfc062723c751e8b465ee728b)
Start importing Assets/Tiles/tf_jungle_tileset_104.asset using Guid(b13bcd506789fd34cb793497e8fa84e6) Importer(815301076,1909f56bfc062723c751e8b465ee728b) (PreviewImporter) -> (artifact id: '8cba994d7488f3a616f1a7603f8dc22d') in 0.0161176 seconds
Number of updated asset objects reloaded before import = 0Number of asset objects unloaded after import = 3

========================================================================
Received Import Request.
  Time since last request: 0.000022 seconds.
  path: Assets/Tiles/tf_jungle_tileset_113.asset
  artifactKey: Guid(5ce899255ccf6a340b675c3771624a31) Importer(815301076,1909f56bfc062723c751e8b465ee728b)
Start importing Assets/Tiles/tf_jungle_tileset_113.asset using Guid(5ce899255ccf6a340b675c3771624a31) Importer(815301076,1909f56bfc062723c751e8b465ee728b) (PreviewImporter) -> (artifact id: 'ecdb3fdd87e4679837286dbc6139cb91') in 0.013737 seconds
Number of updated asset objects reloaded before import = 0Number of asset objects unloaded after import = 3

========================================================================
Received Import Request.
  Time since last request: 0.000037 seconds.
  path: Assets/Tiles/tf_jungle_tileset_97.asset
  artifactKey: Guid(db36672c1e7f6b142a53b3c0703a8397) Importer(815301076,1909f56bfc062723c751e8b465ee728b)
Start importing Assets/Tiles/tf_jungle_tileset_97.asset using Guid(db36672c1e7f6b142a53b3c0703a8397) Importer(815301076,1909f56bfc062723c751e8b465ee728b) (PreviewImporter) -> (artifact id: '162c42e8a76d38f1669f6ecf4a218adc') in 0.0196446 seconds
Number of updated asset objects reloaded before import = 0Number of asset objects unloaded after import = 3

========================================================================
Received Import Request.
  Time since last request: 0.000017 seconds.
  path: Assets/Tiles/tf_jungle_tileset_121.asset
  artifactKey: Guid(830e21cbe556d0545b3a31ed18cf82cb) Importer(815301076,1909f56bfc062723c751e8b465ee728b)
Start importing Assets/Tiles/tf_jungle_tileset_121.asset using Guid(830e21cbe556d0545b3a31ed18cf82cb) Importer(815301076,1909f56bfc062723c751e8b465ee728b) (PreviewImporter) -> (artifact id: '17ec44b9675e84b1e14a2774dcd7f31d') in 0.0176624 seconds
Number of updated asset objects reloaded before import = 0Number of asset objects unloaded after import = 3

========================================================================
Received Import Request.
  Time since last request: 0.000015 seconds.
  path: Assets/Tiles/tf_jungle_tileset_125.asset
  artifactKey: Guid(1bce51f16ac1a3c43bff24df72c57e45) Importer(815301076,1909f56bfc062723c751e8b465ee728b)
Start importing Assets/Tiles/tf_jungle_tileset_125.asset using Guid(1bce51f16ac1a3c43bff24df72c57e45) Importer(815301076,1909f56bfc062723c751e8b465ee728b) (PreviewImporter) -> (artifact id: '6efd37713363460c24e415ba2cc3a107') in 0.0196361 seconds
Number of updated asset objects reloaded before import = 0Number of asset objects unloaded after import = 3

========================================================================
Received Import Request.
  Time since last request: 0.000023 seconds.
  path: Assets/Tiles/tf_jungle_tileset_139.asset
  artifactKey: Guid(c7e9d5fca2ec5be4cb6006628f629468) Importer(815301076,1909f56bfc062723c751e8b465ee728b)
Start importing Assets/Tiles/tf_jungle_tileset_139.asset using Guid(c7e9d5fca2ec5be4cb6006628f629468) Importer(815301076,1909f56bfc062723c751e8b465ee728b) (PreviewImporter) -> (artifact id: '340c055800fd75f7ac210d89016fed71') in 0.0157765 seconds
Number of updated asset objects reloaded before import = 0Number of asset objects unloaded after import = 3

========================================================================
Received Import Request.
  Time since last request: 0.000014 seconds.
  path: Assets/Tiles/tf_jungle_tileset_172.asset
  artifactKey: Guid(622cd05d831dd884395bd83ba9f8ad32) Importer(815301076,1909f56bfc062723c751e8b465ee728b)
Start importing Assets/Tiles/tf_jungle_tileset_172.asset using Guid(622cd05d831dd884395bd83ba9f8ad32) Importer(815301076,1909f56bfc062723c751e8b465ee728b) (PreviewImporter) -> (artifact id: '30c99327eb00165b879912c4f617f013') in 0.0157655 seconds
Number of updated asset objects reloaded before import = 0Number of asset objects unloaded after import = 3

========================================================================
Received Import Request.
  Time since last request: 0.000029 seconds.
  path: Assets/Tiles/tf_jungle_tileset_157.asset
  artifactKey: Guid(a5c47e1dd8b006e4091035f7d27384b3) Importer(815301076,1909f56bfc062723c751e8b465ee728b)
Start importing Assets/Tiles/tf_jungle_tileset_157.asset using Guid(a5c47e1dd8b006e4091035f7d27384b3) Importer(815301076,1909f56bfc062723c751e8b465ee728b) (PreviewImporter) -> (artifact id: '44456fcfb51ea24b29a894a2ab5a61b3') in 0.0178563 seconds
Number of updated asset objects reloaded before import = 0Number of asset objects unloaded after import = 3

========================================================================
Received Import Request.
  Time since last request: 0.000026 seconds.
  path: Assets/Tiles/tf_jungle_tileset_152.asset
  artifactKey: Guid(57ca245610ac83e48a8497778c0b32d1) Importer(815301076,1909f56bfc062723c751e8b465ee728b)
Start importing Assets/Tiles/tf_jungle_tileset_152.asset using Guid(57ca245610ac83e48a8497778c0b32d1) Importer(815301076,1909f56bfc062723c751e8b465ee728b) (PreviewImporter) -> (artifact id: '9629e913d96f79b411627c6acf05eca3') in 0.0228061 seconds
Number of updated asset objects reloaded before import = 0Number of asset objects unloaded after import = 3

========================================================================
Received Import Request.
  Time since last request: 0.000021 seconds.
  path: Assets/Tiles/tf_jungle_tileset_136.asset
  artifactKey: Guid(ce38b71143b9bf8479adaa380cecd0de) Importer(815301076,1909f56bfc062723c751e8b465ee728b)
Start importing Assets/Tiles/tf_jungle_tileset_136.asset using Guid(ce38b71143b9bf8479adaa380cecd0de) Importer(815301076,1909f56bfc062723c751e8b465ee728b) (PreviewImporter) -> (artifact id: 'a9eb3ab37890fad61dd80031fa1c060a') in 0.0147453 seconds
Number of updated asset objects reloaded before import = 0Number of asset objects unloaded after import = 3

========================================================================
Received Import Request.
  Time since last request: 0.000016 seconds.
  path: Assets/Tiles/tf_jungle_tileset_140.asset
  artifactKey: Guid(85e13260546bb2347a90f152a0c4014e) Importer(815301076,1909f56bfc062723c751e8b465ee728b)
Start importing Assets/Tiles/tf_jungle_tileset_140.asset using Guid(85e13260546bb2347a90f152a0c4014e) Importer(815301076,1909f56bfc062723c751e8b465ee728b) (PreviewImporter) -> (artifact id: '8d4697f0fb622bdcb78969e68d8e0019') in 0.0163045 seconds
Number of updated asset objects reloaded before import = 0Number of asset objects unloaded after import = 3

========================================================================
Received Import Request.
  Time since last request: 0.000027 seconds.
  path: Assets/Tiles/tf_jungle_tileset_111.asset
  artifactKey: Guid(229a52abd4574f347b3e585f0f3809bd) Importer(815301076,1909f56bfc062723c751e8b465ee728b)
Start importing Assets/Tiles/tf_jungle_tileset_111.asset using Guid(229a52abd4574f347b3e585f0f3809bd) Importer(815301076,1909f56bfc062723c751e8b465ee728b) (PreviewImporter) -> (artifact id: '1d35273f6e7e6280fc5d56dbeaf08294') in 0.0173205 seconds
Number of updated asset objects reloaded before import = 0Number of asset objects unloaded after import = 3

========================================================================
Received Import Request.
  Time since last request: 0.000016 seconds.
  path: Assets/Tiles/tf_jungle_tileset_171.asset
  artifactKey: Guid(c8996555107abf24ab927f81042b001b) Importer(815301076,1909f56bfc062723c751e8b465ee728b)
Start importing Assets/Tiles/tf_jungle_tileset_171.asset using Guid(c8996555107abf24ab927f81042b001b) Importer(815301076,1909f56bfc062723c751e8b465ee728b) (PreviewImporter) -> (artifact id: 'f161f8978a6c96f377bd5ee71a5198ae') in 0.0164846 seconds
Number of updated asset objects reloaded before import = 0Number of asset objects unloaded after import = 3

========================================================================
Received Import Request.
  Time since last request: 0.000020 seconds.
  path: Assets/Tiles/tf_jungle_tileset_195.asset
  artifactKey: Guid(355d552ed79b43b499122f02cc36b553) Importer(815301076,1909f56bfc062723c751e8b465ee728b)
Start importing Assets/Tiles/tf_jungle_tileset_195.asset using Guid(355d552ed79b43b499122f02cc36b553) Importer(815301076,1909f56bfc062723c751e8b465ee728b) (PreviewImporter) -> (artifact id: 'c87fe9c7cfaf6240e29efc3808a33c06') in 0.0126425 seconds
Number of updated asset objects reloaded before import = 0Number of asset objects unloaded after import = 3

========================================================================
Received Import Request.
  Time since last request: 0.000026 seconds.
  path: Assets/Tiles/tf_jungle_tileset_219.asset
  artifactKey: Guid(bf7f5c789083cff4c87210285bc32a02) Importer(815301076,1909f56bfc062723c751e8b465ee728b)
Start importing Assets/Tiles/tf_jungle_tileset_219.asset using Guid(bf7f5c789083cff4c87210285bc32a02) Importer(815301076,1909f56bfc062723c751e8b465ee728b) (PreviewImporter) -> (artifact id: '2197be5efc47b3a2fe94c9a0404907a5') in 0.0181787 seconds
Number of updated asset objects reloaded before import = 0Number of asset objects unloaded after import = 3

========================================================================
Received Import Request.
  Time since last request: 0.000020 seconds.
  path: Assets/Tiles/tf_jungle_tileset_204.asset
  artifactKey: Guid(06bec5528e82b334fa3edf7195071654) Importer(815301076,1909f56bfc062723c751e8b465ee728b)
Start importing Assets/Tiles/tf_jungle_tileset_204.asset using Guid(06bec5528e82b334fa3edf7195071654) Importer(815301076,1909f56bfc062723c751e8b465ee728b) (PreviewImporter) -> (artifact id: '67b1b8744924d0b5ed2dd44db6028759') in 0.016253 seconds
Number of updated asset objects reloaded before import = 0Number of asset objects unloaded after import = 3

========================================================================
Received Import Request.
  Time since last request: 0.000029 seconds.
  path: Assets/Tiles/tf_jungle_tileset_191.asset
  artifactKey: Guid(39db0b7648ae9254286e86bab2195c1d) Importer(815301076,1909f56bfc062723c751e8b465ee728b)
Start importing Assets/Tiles/tf_jungle_tileset_191.asset using Guid(39db0b7648ae9254286e86bab2195c1d) Importer(815301076,1909f56bfc062723c751e8b465ee728b) (PreviewImporter) -> (artifact id: '0211901a57f9b3eb10f99bd3eeac4336') in 0.0233445 seconds
Number of updated asset objects reloaded before import = 0Number of asset objects unloaded after import = 3

========================================================================
Received Import Request.
  Time since last request: 0.000043 seconds.
  path: Assets/Tiles/tf_jungle_tileset_203.asset
  artifactKey: Guid(75f43f933d2f40b46a50461b59a320b0) Importer(815301076,1909f56bfc062723c751e8b465ee728b)
Start importing Assets/Tiles/tf_jungle_tileset_203.asset using Guid(75f43f933d2f40b46a50461b59a320b0) Importer(815301076,1909f56bfc062723c751e8b465ee728b) (PreviewImporter) -> (artifact id: '989fad5f2131f130b4f32da9a4464a49') in 0.0168313 seconds
Number of updated asset objects reloaded before import = 0Number of asset objects unloaded after import = 3

========================================================================
Received Import Request.
  Time since last request: 0.000031 seconds.
  path: Assets/Tiles/tf_jungle_tileset_192.asset
  artifactKey: Guid(f2c6a25c391a9c94fbafa796d6179ed3) Importer(815301076,1909f56bfc062723c751e8b465ee728b)
Start importing Assets/Tiles/tf_jungle_tileset_192.asset using Guid(f2c6a25c391a9c94fbafa796d6179ed3) Importer(815301076,1909f56bfc062723c751e8b465ee728b) (PreviewImporter) -> (artifact id: 'f1ef477ccb7947b866ba1c72473c31d9') in 0.0203027 seconds
Number of updated asset objects reloaded before import = 0Number of asset objects unloaded after import = 3

========================================================================
Received Import Request.
  Time since last request: 0.000026 seconds.
  path: Assets/Tiles/tf_jungle_tileset_184.asset
  artifactKey: Guid(d0f92f612da03584d8fc19ae1f6cee97) Importer(815301076,1909f56bfc062723c751e8b465ee728b)
Start importing Assets/Tiles/tf_jungle_tileset_184.asset using Guid(d0f92f612da03584d8fc19ae1f6cee97) Importer(815301076,1909f56bfc062723c751e8b465ee728b) (PreviewImporter) -> (artifact id: 'd9644e81506ec2617f1c669e536eeb6d') in 0.0194275 seconds
Number of updated asset objects reloaded before import = 0Number of asset objects unloaded after import = 3

========================================================================
Received Import Request.
  Time since last request: 0.000020 seconds.
  path: Assets/Tiles/tf_jungle_tileset_218.asset
  artifactKey: Guid(ccc6699ad4917424687693f087d6d918) Importer(815301076,1909f56bfc062723c751e8b465ee728b)
Start importing Assets/Tiles/tf_jungle_tileset_218.asset using Guid(ccc6699ad4917424687693f087d6d918) Importer(815301076,1909f56bfc062723c751e8b465ee728b) (PreviewImporter) -> (artifact id: '1de57d46755a2f2753c0fda94554e9eb') in 0.0168969 seconds
Number of updated asset objects reloaded before import = 0Number of asset objects unloaded after import = 3

========================================================================
Received Import Request.
  Time since last request: 0.000018 seconds.
  path: Assets/Tiles/tf_jungle_tileset_183.asset
  artifactKey: Guid(fb0fac77ececfd44491f1df89ecc4632) Importer(815301076,1909f56bfc062723c751e8b465ee728b)
Start importing Assets/Tiles/tf_jungle_tileset_183.asset using Guid(fb0fac77ececfd44491f1df89ecc4632) Importer(815301076,1909f56bfc062723c751e8b465ee728b) (PreviewImporter) -> (artifact id: '2cde417cb68af41b094d1faa08235c36') in 0.0172779 seconds
Number of updated asset objects reloaded before import = 0Number of asset objects unloaded after import = 3

========================================================================
Received Import Request.
  Time since last request: 0.000017 seconds.
  path: Assets/Tiles/tf_jungle_tileset_231.asset
  artifactKey: Guid(bc2ebe94df27c2d4db463dbb7265402c) Importer(815301076,1909f56bfc062723c751e8b465ee728b)
Start importing Assets/Tiles/tf_jungle_tileset_231.asset using Guid(bc2ebe94df27c2d4db463dbb7265402c) Importer(815301076,1909f56bfc062723c751e8b465ee728b) (PreviewImporter) -> (artifact id: 'feaa0ed96a773e0e8ef7d129f7f334be') in 0.0105505 seconds
Number of updated asset objects reloaded before import = 0Number of asset objects unloaded after import = 3

========================================================================
Received Import Request.
  Time since last request: 0.000024 seconds.
  path: Assets/Tiles/tf_jungle_tileset_149.asset
  artifactKey: Guid(65ae5c91041b35241827a9e89a781c7a) Importer(815301076,1909f56bfc062723c751e8b465ee728b)
Start importing Assets/Tiles/tf_jungle_tileset_149.asset using Guid(65ae5c91041b35241827a9e89a781c7a) Importer(815301076,1909f56bfc062723c751e8b465ee728b) (PreviewImporter) -> (artifact id: '56b9949b8b0d5944a846246eb5d2673b') in 0.0157336 seconds
Number of updated asset objects reloaded before import = 0Number of asset objects unloaded after import = 3

========================================================================
Received Import Request.
  Time since last request: 0.000023 seconds.
  path: Assets/Tiles/tf_jungle_tileset_118.asset
  artifactKey: Guid(5d4c1b33ee713bf4eb8e68e9c254809a) Importer(815301076,1909f56bfc062723c751e8b465ee728b)
Start importing Assets/Tiles/tf_jungle_tileset_118.asset using Guid(5d4c1b33ee713bf4eb8e68e9c254809a) Importer(815301076,1909f56bfc062723c751e8b465ee728b) (PreviewImporter) -> (artifact id: 'ff53d1b5a1ee002e28bbf755f2b3e3f1') in 0.0191811 seconds
Number of updated asset objects reloaded before import = 0Number of asset objects unloaded after import = 3

========================================================================
Received Import Request.
  Time since last request: 0.000032 seconds.
  path: Assets/Tiles/tf_jungle_tileset_107.asset
  artifactKey: Guid(b51aeb874aeb10f48a82bb6180f2d478) Importer(815301076,1909f56bfc062723c751e8b465ee728b)
Start importing Assets/Tiles/tf_jungle_tileset_107.asset using Guid(b51aeb874aeb10f48a82bb6180f2d478) Importer(815301076,1909f56bfc062723c751e8b465ee728b) (PreviewImporter) -> (artifact id: 'e6fb34d1a639d73cba76d56cf85c15fd') in 0.0138334 seconds
Number of updated asset objects reloaded before import = 0Number of asset objects unloaded after import = 3

========================================================================
Received Import Request.
  Time since last request: 0.000023 seconds.
  path: Assets/Tiles/tf_jungle_tileset_229.asset
  artifactKey: Guid(b77ee596a055f9943bbbb43cc7c8e268) Importer(815301076,1909f56bfc062723c751e8b465ee728b)
Start importing Assets/Tiles/tf_jungle_tileset_229.asset using Guid(b77ee596a055f9943bbbb43cc7c8e268) Importer(815301076,1909f56bfc062723c751e8b465ee728b) (PreviewImporter) -> (artifact id: '297b8c1333f2f0f11c7066f507587de4') in 0.0075812 seconds
Number of updated asset objects reloaded before import = 0Number of asset objects unloaded after import = 3

========================================================================
Received Import Request.
  Time since last request: 0.000023 seconds.
  path: Assets/Tiles/tf_jungle_tileset_106.asset
  artifactKey: Guid(06ab103d0db3f6c41bd3fefa2e0b3441) Importer(815301076,1909f56bfc062723c751e8b465ee728b)
Start importing Assets/Tiles/tf_jungle_tileset_106.asset using Guid(06ab103d0db3f6c41bd3fefa2e0b3441) Importer(815301076,1909f56bfc062723c751e8b465ee728b) (PreviewImporter) -> (artifact id: '0af8f918c9cf835863c4e7c71b3e1a8f') in 0.0189964 seconds
Number of updated asset objects reloaded before import = 0Number of asset objects unloaded after import = 3

========================================================================
Received Import Request.
  Time since last request: 0.000019 seconds.
  path: Assets/Tiles/tf_jungle_tileset_122.asset
  artifactKey: Guid(aac0b5925ccf5bb40994615430c205c6) Importer(815301076,1909f56bfc062723c751e8b465ee728b)
Start importing Assets/Tiles/tf_jungle_tileset_122.asset using Guid(aac0b5925ccf5bb40994615430c205c6) Importer(815301076,1909f56bfc062723c751e8b465ee728b) (PreviewImporter) -> (artifact id: '399fa4d0347d542b01a28c456e91c51d') in 0.0182528 seconds
Number of updated asset objects reloaded before import = 0Number of asset objects unloaded after import = 3

========================================================================
Received Import Request.
  Time since last request: 0.000018 seconds.
  path: Assets/Tiles/tf_jungle_tileset_23.asset
  artifactKey: Guid(a975be2b698eb2d4099bb0512751fb56) Importer(815301076,1909f56bfc062723c751e8b465ee728b)
Start importing Assets/Tiles/tf_jungle_tileset_23.asset using Guid(a975be2b698eb2d4099bb0512751fb56) Importer(815301076,1909f56bfc062723c751e8b465ee728b) (PreviewImporter) -> (artifact id: 'dc6a0fd2709d3582ae6209b7e8e5e5ce') in 0.018909 seconds
Number of updated asset objects reloaded before import = 0Number of asset objects unloaded after import = 3

========================================================================
Received Import Request.
  Time since last request: 0.000027 seconds.
  path: Assets/Tiles/tf_jungle_tileset_89.asset
  artifactKey: Guid(08094ab879e9bec468ade18c51f4a5ca) Importer(815301076,1909f56bfc062723c751e8b465ee728b)
Start importing Assets/Tiles/tf_jungle_tileset_89.asset using Guid(08094ab879e9bec468ade18c51f4a5ca) Importer(815301076,1909f56bfc062723c751e8b465ee728b) (PreviewImporter) -> (artifact id: 'dc5c7d7993d91177ac15722ae648b83f') in 0.0210914 seconds
Number of updated asset objects reloaded before import = 0Number of asset objects unloaded after import = 3

========================================================================
Received Import Request.
  Time since last request: 0.000029 seconds.
  path: Assets/Tiles/tf_jungle_tileset_117.asset
  artifactKey: Guid(6e141caac048c424ea4f94350a1d1a05) Importer(815301076,1909f56bfc062723c751e8b465ee728b)
Start importing Assets/Tiles/tf_jungle_tileset_117.asset using Guid(6e141caac048c424ea4f94350a1d1a05) Importer(815301076,1909f56bfc062723c751e8b465ee728b) (PreviewImporter) -> (artifact id: '5d504f3c439baeeea4b59c6c79a78e66') in 0.0178289 seconds
Number of updated asset objects reloaded before import = 0Number of asset objects unloaded after import = 3

========================================================================
Received Import Request.
  Time since last request: 0.000021 seconds.
  path: Assets/Tiles/tf_jungle_tileset_131.asset
  artifactKey: Guid(4219a999e4828e244bd1298f3ad7964d) Importer(815301076,1909f56bfc062723c751e8b465ee728b)
Start importing Assets/Tiles/tf_jungle_tileset_131.asset using Guid(4219a999e4828e244bd1298f3ad7964d) Importer(815301076,1909f56bfc062723c751e8b465ee728b) (PreviewImporter) -> (artifact id: 'da780e9f1b44a194b0719885b62d526e') in 0.0168699 seconds
Number of updated asset objects reloaded before import = 0Number of asset objects unloaded after import = 3

========================================================================
Received Import Request.
  Time since last request: 0.000032 seconds.
  path: Assets/Tiles/tf_jungle_tileset_187.asset
  artifactKey: Guid(9dda8ee23f610a84bafc97203e5fff05) Importer(815301076,1909f56bfc062723c751e8b465ee728b)
Start importing Assets/Tiles/tf_jungle_tileset_187.asset using Guid(9dda8ee23f610a84bafc97203e5fff05) Importer(815301076,1909f56bfc062723c751e8b465ee728b) (PreviewImporter) -> (artifact id: 'c6a1a0cf3573d97ad213d606e164f081') in 0.0212355 seconds
Number of updated asset objects reloaded before import = 0Number of asset objects unloaded after import = 3

========================================================================
Received Import Request.
  Time since last request: 0.000025 seconds.
  path: Assets/Tiles/tf_jungle_tileset_141.asset
  artifactKey: Guid(2ebd5926ab598bd4eaf4dfc004282bc9) Importer(815301076,1909f56bfc062723c751e8b465ee728b)
Start importing Assets/Tiles/tf_jungle_tileset_141.asset using Guid(2ebd5926ab598bd4eaf4dfc004282bc9) Importer(815301076,1909f56bfc062723c751e8b465ee728b) (PreviewImporter) -> (artifact id: '1a965045dc2c9f6899cb1f86804de855') in 0.0158804 seconds
Number of updated asset objects reloaded before import = 0Number of asset objects unloaded after import = 3

========================================================================
Received Import Request.
  Time since last request: 0.000023 seconds.
  path: Assets/Tiles/tf_jungle_tileset_148.asset
  artifactKey: Guid(2c374efb9d95e194897e9cb84f014822) Importer(815301076,1909f56bfc062723c751e8b465ee728b)
Start importing Assets/Tiles/tf_jungle_tileset_148.asset using Guid(2c374efb9d95e194897e9cb84f014822) Importer(815301076,1909f56bfc062723c751e8b465ee728b) (PreviewImporter) -> (artifact id: '3aca9f379733f5703942385e95fe328c') in 0.0164895 seconds
Number of updated asset objects reloaded before import = 0Number of asset objects unloaded after import = 3

========================================================================
Received Import Request.
  Time since last request: 0.000034 seconds.
  path: Assets/Tiles/tf_jungle_tileset_79.asset
  artifactKey: Guid(0258d33c7f627f34895613affb1054b7) Importer(815301076,1909f56bfc062723c751e8b465ee728b)
Start importing Assets/Tiles/tf_jungle_tileset_79.asset using Guid(0258d33c7f627f34895613affb1054b7) Importer(815301076,1909f56bfc062723c751e8b465ee728b) (PreviewImporter) -> (artifact id: '986815d2f9e0e41b79e1fb762c43842f') in 0.0180831 seconds
Number of updated asset objects reloaded before import = 0Number of asset objects unloaded after import = 3

========================================================================
Received Import Request.
  Time since last request: 0.000020 seconds.
  path: Assets/Tiles/tf_jungle_tileset_155.asset
  artifactKey: Guid(dd84e093fddc6ab43a24949228679e5b) Importer(815301076,1909f56bfc062723c751e8b465ee728b)
Start importing Assets/Tiles/tf_jungle_tileset_155.asset using Guid(dd84e093fddc6ab43a24949228679e5b) Importer(815301076,1909f56bfc062723c751e8b465ee728b) (PreviewImporter) -> (artifact id: '3869a3f67fbc987def911a5f4a43247a') in 0.0072475 seconds
Number of updated asset objects reloaded before import = 0Number of asset objects unloaded after import = 3

========================================================================
Received Import Request.
  Time since last request: 0.000026 seconds.
  path: Assets/Tiles/tf_jungle_tileset_200.asset
  artifactKey: Guid(5679f6e5f4471a248bf4084f50717b39) Importer(815301076,1909f56bfc062723c751e8b465ee728b)
Start importing Assets/Tiles/tf_jungle_tileset_200.asset using Guid(5679f6e5f4471a248bf4084f50717b39) Importer(815301076,1909f56bfc062723c751e8b465ee728b) (PreviewImporter) -> (artifact id: '9eaeee92ada0a73f7a01db0f7950289a') in 0.0164327 seconds
Number of updated asset objects reloaded before import = 0Number of asset objects unloaded after import = 3

========================================================================
Received Import Request.
  Time since last request: 0.000026 seconds.
  path: Assets/Tiles/tf_jungle_tileset_77.asset
  artifactKey: Guid(98e691a5a267d9849a731ea802af5aa9) Importer(815301076,1909f56bfc062723c751e8b465ee728b)
Start importing Assets/Tiles/tf_jungle_tileset_77.asset using Guid(98e691a5a267d9849a731ea802af5aa9) Importer(815301076,1909f56bfc062723c751e8b465ee728b) (PreviewImporter) -> (artifact id: '1b57d27e96d7cb69e84446facadbbfaa') in 0.0157633 seconds
Number of updated asset objects reloaded before import = 0Number of asset objects unloaded after import = 3

Editor requested this worker to shutdown with reason: Scaling down because of idle timeout
AssetImportWorker is now disconnected from the server
Process exiting
Exiting without the bug reporter. Application will terminate with return code 0